SF:lib/src/meta_weather_api_client.dart
DA:24,1
DA:25,1
DA:31,1
DA:32,1
DA:35,1
DA:37,3
DA:39,2
DA:40,1
DA:43,1
DA:44,1
DA:47,1
DA:48,1
DA:51,2
DA:55,1
DA:56,2
DA:57,3
DA:59,2
DA:60,1
DA:63,2
DA:65,1
DA:66,1
DA:69,1
DA:71,1
DA:72,1
DA:75,2
LF:25
LH:25
end_of_record
SF:lib/src/models/location.dart
DA:5,3
DA:9,0
DA:16,2
DA:17,2
DA:28,0
DA:35,6
DA:37,0
DA:39,0
DA:42,0
DA:44,0
DA:45,0
DA:46,0
DA:47,0
LF:13
LH:4
end_of_record
SF:lib/src/models/location.g.dart
DA:9,2
DA:10,2
DA:11,4
DA:12,0
DA:13,0
DA:16,0
DA:17,0
DA:18,0
DA:19,0
DA:20,0
LF:10
LH:3
end_of_record
SF:lib/src/models/weather.g.dart
DA:9,2
DA:10,2
DA:11,2
DA:12,0
DA:13,0
DA:15,0
DA:16,0
DA:18,0
DA:19,0
DA:20,0
DA:21,0
DA:22,0
DA:23,0
DA:24,0
DA:25,0
DA:26,0
DA:27,0
DA:28,0
DA:31,0
DA:32,0
DA:33,0
DA:34,0
DA:36,0
DA:37,0
DA:38,0
DA:39,0
DA:40,0
DA:41,0
DA:42,0
DA:43,0
DA:44,0
DA:45,0
DA:46,0
DA:47,0
LF:34
LH:3
end_of_record
SF:lib/src/models/weather.dart
DA:5,3
DA:30,2
DA:33,3
DA:55,0
DA:73,2
DA:74,2
LF:6
LH:5
end_of_record
